May-04 21:29:51.875 [main] DEBUG nextflow.cli.Launcher - $> nextflow run main.nf -bg -profile docker -resume --input data/Example.2.csv
May-04 21:29:52.124 [main] INFO  nextflow.cli.CmdRun - N E X T F L O W  ~  version 21.09.1-edge
May-04 21:29:52.159 [main] INFO  nextflow.cli.CmdRun - Launching `main.nf` [chaotic_stonebraker] - revision: 4cfd92bef8
May-04 21:29:52.188 [main] DEBUG nextflow.config.ConfigBuilder - Found config local: /Users/cwyatt/Desktop/jcvi-nextflow/nextflow.config
May-04 21:29:52.189 [main] DEBUG nextflow.config.ConfigBuilder - Parsing config file: /Users/cwyatt/Desktop/jcvi-nextflow/nextflow.config
May-04 21:29:52.240 [main] DEBUG nextflow.config.ConfigBuilder - Applying config profile: `docker`
May-04 21:29:53.686 [main] DEBUG nextflow.config.ConfigBuilder - Available config profiles: [myriad, docker]
May-04 21:29:53.737 [main] DEBUG nextflow.plugin.PluginsFacade - Setting up plugin manager > mode=prod; plugins-dir=/Users/cwyatt/.nextflow/plugins
May-04 21:29:53.739 [main] DEBUG nextflow.plugin.PluginsFacade - Plugins default=[]
May-04 21:29:53.739 [main] DEBUG nextflow.plugin.PluginsFacade - Plugins local root: .nextflow/plr/empty
May-04 21:29:53.752 [main] INFO  org.pf4j.DefaultPluginStatusProvider - Enabled plugins: []
May-04 21:29:53.754 [main] INFO  org.pf4j.DefaultPluginStatusProvider - Disabled plugins: []
May-04 21:29:53.758 [main] INFO  org.pf4j.DefaultPluginManager - PF4J version 3.4.1 in 'deployment' mode
May-04 21:29:53.772 [main] INFO  org.pf4j.AbstractPluginManager - No plugins
May-04 21:29:53.848 [main] DEBUG nextflow.Session - Session uuid: 57a2cd97-891f-411b-8644-6f9bef863215
May-04 21:29:53.848 [main] DEBUG nextflow.Session - Run name: chaotic_stonebraker
May-04 21:29:53.849 [main] DEBUG nextflow.Session - Executor pool size: 4
May-04 21:30:03.876 [main] DEBUG nextflow.cli.CmdRun - 
  Version: 21.09.1-edge build 5636
  Created: 28-10-2021 15:20 UTC (17:20 CEST)
  System: Mac OS X 10.16
  Runtime: Groovy 3.0.9 on Java HotSpot(TM) 64-Bit Server VM 1.8.0_291-b10
  Encoding: UTF-8 (UTF-8)
  Process: 83636@Chriss-MacBook-Pro.local [192.168.18.29]
  CPUs: 4 - Mem: 16 GB (462.2 MB) - Swap: 10 GB (772.2 MB)
May-04 21:30:03.919 [main] DEBUG nextflow.Session - Work-dir: /Users/cwyatt/Desktop/jcvi-nextflow/work [Mac OS X]
May-04 21:30:03.944 [main] DEBUG nextflow.executor.ExecutorFactory - Extension executors providers=[]
May-04 21:30:03.960 [main] DEBUG nextflow.Session - Observer factory: DefaultObserverFactory
May-04 21:30:04.011 [main] DEBUG nextflow.util.CustomThreadPool - Creating default thread pool > poolSize: 5; maxThreads: 1000
May-04 21:30:04.144 [main] DEBUG nextflow.Session - Session start invoked
May-04 21:30:04.618 [main] DEBUG nextflow.script.ScriptRunner - > Launching execution
May-04 21:30:04.642 [main] INFO  nextflow.Nextflow -  ===================================
 input file                           : data/Example.2.csv
 output directory                     : Results
 seqids file (optional)               : data/default1
 layout file (optional)               : data/default2
 
May-04 21:30:05.510 [main] DEBUG nextflow.util.CustomThreadPool - Creating default thread pool > poolSize: 5; maxThreads: 1000
May-04 21:30:05.657 [main] DEBUG nextflow.script.ProcessConfig - Config settings `withLabel:gffread` matches labels `gffread` for process with name GFFREAD
May-04 21:30:05.670 [main] DEBUG nextflow.executor.ExecutorFactory - << taskConfig executor: null
May-04 21:30:05.670 [main] DEBUG nextflow.executor.ExecutorFactory - >> processorType: 'local'
May-04 21:30:05.677 [main] DEBUG nextflow.executor.Executor - [warm up] executor > local
May-04 21:30:05.684 [main] DEBUG n.processor.LocalPollingMonitor - Creating local task monitor for executor 'local' > cpus=4; memory=16 GB; capacity=4; pollInterval=100ms; dumpInterval=5m
May-04 21:30:05.805 [main] DEBUG nextflow.script.ProcessConfig - Config settings `withLabel:jcvi` matches labels `jcvi` for process with name JCVI
May-04 21:30:05.808 [main] DEBUG nextflow.executor.ExecutorFactory - << taskConfig executor: null
May-04 21:30:05.808 [main] DEBUG nextflow.executor.ExecutorFactory - >> processorType: 'local'
May-04 21:30:05.837 [main] DEBUG nextflow.script.ProcessConfig - Config settings `withLabel:syn` matches labels `syn` for process with name SYNTENY
May-04 21:30:05.837 [main] DEBUG nextflow.executor.ExecutorFactory - << taskConfig executor: null
May-04 21:30:05.838 [main] DEBUG nextflow.executor.ExecutorFactory - >> processorType: 'local'
May-04 21:30:05.849 [main] DEBUG nextflow.executor.ExecutorFactory - << taskConfig executor: null
May-04 21:30:05.849 [main] DEBUG nextflow.executor.ExecutorFactory - >> processorType: 'local'
May-04 21:30:05.854 [main] DEBUG nextflow.Session - Workflow process names [dsl2]: SYNTENY, GFFREAD, MACRO, CREATE_SEQIDS, JCVI
May-04 21:30:05.855 [main] DEBUG nextflow.Session - Ignite dataflow network (7)
May-04 21:30:05.865 [main] DEBUG nextflow.processor.TaskProcessor - Starting process > GFFREAD
May-04 21:30:05.866 [main] DEBUG nextflow.processor.TaskProcessor - Starting process > JCVI
May-04 21:30:05.867 [main] DEBUG nextflow.processor.TaskProcessor - Starting process > SYNTENY
May-04 21:30:05.871 [main] DEBUG nextflow.processor.TaskProcessor - Starting process > MACRO
May-04 21:30:05.872 [main] DEBUG nextflow.script.ScriptRunner - > Await termination 
May-04 21:30:05.874 [main] DEBUG nextflow.Session - Session await
May-04 21:30:06.412 [Task submitter] DEBUG nextflow.executor.LocalTaskHandler - Launch cmd line: /bin/bash -ue .command.run
May-04 21:30:06.418 [Task submitter] INFO  nextflow.Session - [ba/0d1760] Submitted process > GFFREAD (gffread)
May-04 21:30:06.426 [Task submitter] DEBUG nextflow.executor.LocalTaskHandler - Launch cmd line: /bin/bash -ue .command.run
May-04 21:30:06.427 [Task submitter] INFO  nextflow.Session - [74/313c0e] Submitted process > GFFREAD (gffread)
May-04 21:30:37.021 [Task monitor] DEBUG n.processor.TaskPollingMonitor - Task completed > TaskHandler[id: 1; name: GFFREAD (gffread); status: COMPLETED; exit: 0; error: -; workDir: /Users/cwyatt/Desktop/jcvi-nextflow/work/74/313c0e671039bdd518ed8b9f0fb8d4]
May-04 21:30:37.092 [Task submitter] DEBUG nextflow.executor.LocalTaskHandler - Launch cmd line: /bin/bash -ue .command.run
May-04 21:30:37.093 [Task submitter] INFO  nextflow.Session - [f4/76fef7] Submitted process > JCVI (jcvi)
May-04 21:30:58.754 [Task monitor] DEBUG n.processor.TaskPollingMonitor - Task completed > TaskHandler[id: 2; name: GFFREAD (gffread); status: COMPLETED; exit: 0; error: -; workDir: /Users/cwyatt/Desktop/jcvi-nextflow/work/ba/0d1760c1bcb48b03a1f8ec15a0567e]
May-04 21:31:07.335 [Task monitor] DEBUG n.processor.TaskPollingMonitor - Task completed > TaskHandler[id: 3; name: JCVI (jcvi); status: COMPLETED; exit: 0; error: -; workDir: /Users/cwyatt/Desktop/jcvi-nextflow/work/f4/76fef707376f0aec52d26d72962d8d]
May-04 21:31:07.344 [Actor Thread 13] WARN  nextflow.processor.TaskProcessor - Input tuple does not match input set cardinality declared by process `SYNTENY` -- offending value: [B_impatiens, /Users/cwyatt/Desktop/jcvi-nextflow/work/f4/76fef707376f0aec52d26d72962d8d/B_impatiens.cds, /Users/cwyatt/Desktop/jcvi-nextflow/work/f4/76fef707376f0aec52d26d72962d8d/B_impatiens.bed]
May-04 21:31:07.355 [Actor Thread 13] ERROR nextflow.processor.TaskProcessor - Error executing process > 'SYNTENY (syn)'

Caused by:
  Path value cannot be null


Tip: when you have fixed the problem you can continue the execution adding the option `-resume` to the run command line
May-04 21:31:07.359 [Actor Thread 13] DEBUG nextflow.Session - Session aborted -- Cause: Path value cannot be null
May-04 21:31:07.383 [Actor Thread 13] DEBUG nextflow.Session - The following nodes are still active:
[process] SYNTENY
  status=ACTIVE
  port 0: (value) bound ; channel: -
  port 1: (cntrl) -     ; channel: $

[process] MACRO
  status=ACTIVE
  port 0: (value) bound ; channel: seqids
  port 1: (queue) OPEN  ; channel: layout
  port 2: (value) OPEN  ; channel: anchors
  port 3: (value) bound ; channel: -
  port 4: (cntrl) -     ; channel: $

May-04 21:31:07.390 [main] DEBUG nextflow.Session - Session await > all process finished
May-04 21:31:07.390 [main] DEBUG nextflow.Session - Session await > all barriers passed
May-04 21:31:07.402 [main] DEBUG nextflow.trace.WorkflowStatsObserver - Workflow completed > WorkflowStats[succeededCount=3; failedCount=0; ignoredCount=0; cachedCount=0; pendingCount=0; submittedCount=0; runningCount=0; retriesCount=0; abortedCount=0; succeedDuration=1m 53s; failedDuration=0ms; cachedDuration=0ms;loadCpus=0; loadMemory=0; peakRunning=2; peakCpus=2; peakMemory=0; ]
May-04 21:31:07.422 [main] DEBUG nextflow.CacheDB - Closing CacheDB done
May-04 21:31:07.461 [main] DEBUG nextflow.script.ScriptRunner - > Execution complete -- Goodbye
